Exporter version: 2.93.4, Blender version: 2.93.4
========= Conversion from Blender to Babylon.js =========
	Scene settings used :
		Inline textures     :  false
		Material Type       :  PBR
		Positions Precision :  4
		Normals Precision   :  3
		UVs Precision       :  3
		Vert Color Precision:  3
		Mat Weight Precision:  2
		Keep Z-up r-handed  :  no
		Texture directory   :  /home/dan/Projects/Zen-Garden-Capping/static/assets/plants/
	Python World class constructor completed
	processing begun of mesh:  cactus
		processing begun of material:  Plant3
		num positions      :  360
		num normals        :  360
		num tangents       :  0
		num uvs            :  720
		num uvs2           :  0
		num colors         :  0
		num triangles      :  120
	processing begun of mesh:  spikes
		WARNING: No materials have been assigned: 
		num positions      :  1188
		num normals        :  1188
		num tangents       :  0
		num uvs            :  2376
		num uvs2           :  0
		num colors         :  0
		num triangles      :  396
========= Writing of JSON file started =========
	writing mesh:  cactus
	writing mesh:  spikes
========= Writing of JSON file completed =========
========= end of processing =========
elapsed time:  0 min, 0.0536 secs
