Exporter version: 2.93.4, Blender version: 2.93.4
========= Conversion from Blender to Babylon.js =========
	Scene settings used :
		Inline textures     :  false
		Material Type       :  PBR
		Positions Precision :  4
		Normals Precision   :  3
		UVs Precision       :  3
		Vert Color Precision:  3
		Mat Weight Precision:  2
		Keep Z-up r-handed  :  no
		Texture directory   :  /home/dan/Projects/Zen-Garden-Capping/static/assets/plants/
	Python World class constructor completed
	processing begun of mesh:  stalk.001
		processing begun of material:  Bamboo
		num positions      :  249
		num normals        :  249
		num tangents       :  0
		num uvs            :  498
		num uvs2           :  0
		num colors         :  0
		num triangles      :  104
	processing begun of mesh:  stalk.002
		processing begun of material:  Bamboo
		registered as also a user of material:  Bamboo
		num positions      :  249
		num normals        :  249
		num tangents       :  0
		num uvs            :  498
		num uvs2           :  0
		num colors         :  0
		num triangles      :  104
	processing begun of mesh:  stalk.003
		processing begun of material:  Bamboo
		registered as also a user of material:  Bamboo
		num positions      :  249
		num normals        :  249
		num tangents       :  0
		num uvs            :  498
		num uvs2           :  0
		num colors         :  0
		num triangles      :  104
	processing begun of mesh:  stalk.004
		processing begun of material:  Bamboo
		registered as also a user of material:  Bamboo
		num positions      :  249
		num normals        :  249
		num tangents       :  0
		num uvs            :  498
		num uvs2           :  0
		num colors         :  0
		num triangles      :  104
	processing begun of mesh:  stalk.005
		processing begun of material:  Bamboo
		registered as also a user of material:  Bamboo
		num positions      :  249
		num normals        :  249
		num tangents       :  0
		num uvs            :  498
		num uvs2           :  0
		num colors         :  0
		num triangles      :  104
	processing begun of mesh:  stalk.006
		processing begun of material:  Bamboo
		registered as also a user of material:  Bamboo
		num positions      :  249
		num normals        :  249
		num tangents       :  0
		num uvs            :  498
		num uvs2           :  0
		num colors         :  0
		num triangles      :  104
	processing begun of mesh:  stalk.007
		processing begun of material:  Bamboo
		registered as also a user of material:  Bamboo
		num positions      :  249
		num normals        :  249
		num tangents       :  0
		num uvs            :  498
		num uvs2           :  0
		num colors         :  0
		num triangles      :  104
	processing begun of mesh:  stalk.008
		processing begun of material:  Bamboo
		registered as also a user of material:  Bamboo
		num positions      :  249
		num normals        :  249
		num tangents       :  0
		num uvs            :  498
		num uvs2           :  0
		num colors         :  0
		num triangles      :  104
	processing begun of mesh:  leaves.001
		processing begun of material:  Leaves
		num positions      :  1920
		num normals        :  1920
		num tangents       :  0
		num uvs            :  3840
		num uvs2           :  0
		num colors         :  0
		num triangles      :  640
========= Writing of JSON file started =========
	writing mesh:  stalk.001
	writing mesh:  stalk.002
	writing mesh:  stalk.003
	writing mesh:  stalk.004
	writing mesh:  stalk.005
	writing mesh:  stalk.006
	writing mesh:  stalk.007
	writing mesh:  stalk.008
	writing mesh:  leaves.001
========= Writing of JSON file completed =========
========= end of processing =========
elapsed time:  0 min, 0.1354 secs
