Exporter version: 2.93.4, Blender version: 2.93.4
========= Conversion from Blender to Babylon.js =========
	Scene settings used :
		Inline textures     :  false
		Material Type       :  PBR
		Positions Precision :  4
		Normals Precision   :  3
		UVs Precision       :  3
		Vert Color Precision:  3
		Mat Weight Precision:  2
		Keep Z-up r-handed  :  no
		Texture directory   :  /home/dan/Projects/Zen-Garden-Capping/assets/
	Python World class constructor completed
	processing begun of mesh:  Plane
		processing begun of material:  Material.001
		num positions      :  1089
		num normals        :  1089
		num tangents       :  0
		num uvs            :  2178
		num uvs2           :  0
		num colors         :  0
		num triangles      :  2048
========= Writing of JSON file started =========
	writing mesh:  Plane
========= Writing of JSON file completed =========
========= end of processing =========
elapsed time:  0 min, 0.149 secs
