Exporter version: 2.93.4, Blender version: 2.93.4
========= Conversion from Blender to Babylon.js =========
	Scene settings used :
		Inline textures     :  false
		Material Type       :  PBR
		Positions Precision :  4
		Normals Precision   :  3
		UVs Precision       :  3
		Vert Color Precision:  3
		Mat Weight Precision:  2
		Keep Z-up r-handed  :  no
		Texture directory   :  /home/dan/Projects/Zen-Garden-Capping/static/assets/rakes/
	Python World class constructor completed
	processing begun of mesh:  rake.002
		processing begun of material:  Wood
		num positions      :  931
		num normals        :  931
		num tangents       :  0
		num uvs            :  1862
		num uvs2           :  0
		num colors         :  0
		num triangles      :  354
		WARNING: # of 0 area faces found:  98
	processing begun of mesh:  caps.002
		processing begun of material:  core.002
		processing begun of material:  core
		processing begun of material:  core.001
		processing begun of multimaterial:  straight.Multimaterial#0
		num positions      :  209
		num normals        :  209
		num tangents       :  0
		num uvs            :  418
		num uvs2           :  0
		num colors         :  0
		num triangles      :  84
========= Writing of JSON file started =========
	writing mesh:  rake.002
	writing mesh:  caps.002
========= Writing of JSON file completed =========
========= end of processing =========
elapsed time:  0 min, 0.0553 secs
